The system is: Linux - 5.10.2-051002-generic - x86_64
Compiling the C compiler identification source file "CMakeCCompilerId.c" succeeded.
Compiler: /home/linuxbrew/.linuxbrew/bin/cc 
Build flags: 
Id flags:  

The output was:
0


Compilation of the C compiler identification source "CMakeCCompilerId.c" produced "a.out"

The C compiler identification is GNU, found in "/home/iancu/Desktop/TemaSemnale/cmake-build-debug/CMakeFiles/3.17.3/CompilerIdC/a.out"

Compiling the CXX compiler identification source file "CMakeCXXCompilerId.cpp" succeeded.
Compiler: /home/linuxbrew/.linuxbrew/bin/c++ 
Build flags: 
Id flags:  

The output was:
0


Compilation of the CXX compiler identification source "CMakeCXXCompilerId.cpp" produced "a.out"

The CXX compiler identification is GNU, found in "/home/iancu/Desktop/TemaSemnale/cmake-build-debug/CMakeFiles/3.17.3/CompilerIdCXX/a.out"

Determining if the C compiler works passed with the following output:
Change Dir: /home/iancu/Desktop/TemaSemnale/cmake-build-debug/CMakeFiles/CMakeTmp

Run Build Command(s):/usr/bin/make cmTC_49362/fast && /usr/bin/make  -f CMakeFiles/cmTC_49362.dir/build.make CMakeFiles/cmTC_49362.dir/build
make[1]: Entering directory '/home/iancu/Desktop/TemaSemnale/cmake-build-debug/CMakeFiles/CMakeTmp'
Building C object CMakeFiles/cmTC_49362.dir/testCCompiler.c.o
/home/linuxbrew/.linuxbrew/bin/cc    -o CMakeFiles/cmTC_49362.dir/testCCompiler.c.o   -c /home/iancu/Desktop/TemaSemnale/cmake-build-debug/CMakeFiles/CMakeTmp/testCCompiler.c
Linking C executable cmTC_49362
/opt/clion/bin/cmake/linux/bin/cmake -E cmake_link_script CMakeFiles/cmTC_49362.dir/link.txt --verbose=1
/home/linuxbrew/.linuxbrew/bin/cc      CMakeFiles/cmTC_49362.dir/testCCompiler.c.o  -o cmTC_49362 
make[1]: Leaving directory '/home/iancu/Desktop/TemaSemnale/cmake-build-debug/CMakeFiles/CMakeTmp'



Detecting C compiler ABI info compiled with the following output:
Change Dir: /home/iancu/Desktop/TemaSemnale/cmake-build-debug/CMakeFiles/CMakeTmp

Run Build Command(s):/usr/bin/make cmTC_623cb/fast && /usr/bin/make  -f CMakeFiles/cmTC_623cb.dir/build.make CMakeFiles/cmTC_623cb.dir/build
make[1]: Entering directory '/home/iancu/Desktop/TemaSemnale/cmake-build-debug/CMakeFiles/CMakeTmp'
Building C object CMakeFiles/cmTC_623cb.dir/CMakeCCompilerABI.c.o
/home/linuxbrew/.linuxbrew/bin/cc   -v -o CMakeFiles/cmTC_623cb.dir/CMakeCCompilerABI.c.o   -c /opt/clion/bin/cmake/linux/share/cmake-3.17/Modules/CMakeCCompilerABI.c
Reading specs from /home/linuxbrew/.linuxbrew/Cellar/gcc/5.5.0_7/lib/gcc/x86_64-unknown-linux-gnu/5.5.0/specs
COLLECT_GCC=/home/linuxbrew/.linuxbrew/bin/cc
Target: x86_64-unknown-linux-gnu
Configured with: ../configure --prefix=/home/linuxbrew/.linuxbrew/Cellar/gcc/5.5.0_7 --disable-nls --enable-checking=release --enable-languages=c,c++,objc,obj-c++,fortran --program-suffix=-5 --with-gmp=/home/linuxbrew/.linuxbrew/opt/gmp --with-mpfr=/home/linuxbrew/.linuxbrew/opt/mpfr --with-mpc=/home/linuxbrew/.linuxbrew/opt/libmpc --with-pkgversion='Homebrew GCC 5.5.0_7' --with-isl=/home/linuxbrew/.linuxbrew/opt/isl@0.18 --with-bugurl=https://github.com/Homebrew/linuxbrew-core/issues --with-boot-ldflags='-static-libstdc++ -static-libgcc ' --disable-multilib
Thread model: posix
gcc version 5.5.0 (Homebrew GCC 5.5.0_7) 
COLLECT_GCC_OPTIONS='-v' '-o' 'CMakeFiles/cmTC_623cb.dir/CMakeCCompilerABI.c.o' '-c' '-mtune=generic' '-march=x86-64'
 /home/linuxbrew/.linuxbrew/Cellar/gcc/5.5.0_7/libexec/gcc/x86_64-unknown-linux-gnu/5.5.0/cc1 -quiet -v -imultiarch x86_64-linux-gnu /opt/clion/bin/cmake/linux/share/cmake-3.17/Modules/CMakeCCompilerABI.c -isysroot /home/linuxbrew/.linuxbrew/nonexistent -idirafter /home/linuxbrew/.linuxbrew/include -idirafter /usr/include/x86_64-linux-gnu -idirafter /usr/include -quiet -dumpbase CMakeCCompilerABI.c -mtune=generic -march=x86-64 -auxbase-strip CMakeFiles/cmTC_623cb.dir/CMakeCCompilerABI.c.o -version -o /tmp/ccqrEIhx.s
GNU C11 (Homebrew GCC 5.5.0_7) version 5.5.0 (x86_64-unknown-linux-gnu)
	compiled by GNU C version 5.5.0, GMP version 6.2.1, MPFR version 4.1.0, MPC version 1.2.1
GGC heuristics: --param ggc-min-expand=100 --param ggc-min-heapsize=131072
ignoring nonexistent directory "/home/linuxbrew/.linuxbrew/nonexistent/usr/local/include/x86_64-linux-gnu"
ignoring nonexistent directory "/home/linuxbrew/.linuxbrew/nonexistent/usr/local/include"
ignoring nonexistent directory "/home/linuxbrew/.linuxbrew/Cellar/gcc/5.5.0_7/lib/gcc/x86_64-unknown-linux-gnu/5.5.0/../../../../x86_64-unknown-linux-gnu/include"
ignoring nonexistent directory "/home/linuxbrew/.linuxbrew/nonexistent/usr/include/x86_64-linux-gnu"
ignoring nonexistent directory "/home/linuxbrew/.linuxbrew/nonexistent/usr/include"
#include "..." search starts here:
#include <...> search starts here:
 /home/linuxbrew/.linuxbrew/Cellar/gcc/5.5.0_7/lib/gcc/x86_64-unknown-linux-gnu/5.5.0/include
 /home/linuxbrew/.linuxbrew/Cellar/gcc/5.5.0_7/include
 /home/linuxbrew/.linuxbrew/Cellar/gcc/5.5.0_7/lib/gcc/x86_64-unknown-linux-gnu/5.5.0/include-fixed
 /home/linuxbrew/.linuxbrew/include
 /usr/include/x86_64-linux-gnu
 /usr/include
End of search list.
GNU C11 (Homebrew GCC 5.5.0_7) version 5.5.0 (x86_64-unknown-linux-gnu)
	compiled by GNU C version 5.5.0, GMP version 6.2.1, MPFR version 4.1.0, MPC version 1.2.1
GGC heuristics: --param ggc-min-expand=100 --param ggc-min-heapsize=131072
Compiler executable checksum: 70d2c04315d6904ae9601dadcfdf9fc4
COLLECT_GCC_OPTIONS='-v' '-o' 'CMakeFiles/cmTC_623cb.dir/CMakeCCompilerABI.c.o' '-c' '-mtune=generic' '-march=x86-64'
 as -v --64 -o CMakeFiles/cmTC_623cb.dir/CMakeCCompilerABI.c.o /tmp/ccqrEIhx.s
GNU assembler version 2.36.1 (x86_64-pc-linux-gnu) using BFD version (GNU Binutils) 2.36.1
COMPILER_PATH=/home/linuxbrew/.linuxbrew/Cellar/gcc/5.5.0_7/libexec/gcc/x86_64-unknown-linux-gnu/5.5.0/:/home/linuxbrew/.linuxbrew/Cellar/gcc/5.5.0_7/libexec/gcc/x86_64-unknown-linux-gnu/5.5.0/:/home/linuxbrew/.linuxbrew/Cellar/gcc/5.5.0_7/libexec/gcc/x86_64-unknown-linux-gnu/:/home/linuxbrew/.linuxbrew/Cellar/gcc/5.5.0_7/lib/gcc/x86_64-unknown-linux-gnu/5.5.0/:/home/linuxbrew/.linuxbrew/Cellar/gcc/5.5.0_7/lib/gcc/x86_64-unknown-linux-gnu/
LIBRARY_PATH=/home/linuxbrew/.linuxbrew/Cellar/gcc/5.5.0_7/lib/gcc/x86_64-unknown-linux-gnu/5.5.0/:/home/linuxbrew/.linuxbrew/Cellar/gcc/5.5.0_7/lib/gcc/x86_64-unknown-linux-gnu/5.5.0/../../../:/lib/x86_64-linux-gnu/:/lib/:/usr/lib/x86_64-linux-gnu/:/usr/lib/
COLLECT_GCC_OPTIONS='-v' '-o' 'CMakeFiles/cmTC_623cb.dir/CMakeCCompilerABI.c.o' '-c' '-mtune=generic' '-march=x86-64'
Linking C executable cmTC_623cb
/opt/clion/bin/cmake/linux/bin/cmake -E cmake_link_script CMakeFiles/cmTC_623cb.dir/link.txt --verbose=1
/home/linuxbrew/.linuxbrew/bin/cc     -v CMakeFiles/cmTC_623cb.dir/CMakeCCompilerABI.c.o  -o cmTC_623cb 
Reading specs from /home/linuxbrew/.linuxbrew/Cellar/gcc/5.5.0_7/lib/gcc/x86_64-unknown-linux-gnu/5.5.0/specs
COLLECT_GCC=/home/linuxbrew/.linuxbrew/bin/cc
COLLECT_LTO_WRAPPER=/home/linuxbrew/.linuxbrew/Cellar/gcc/5.5.0_7/libexec/gcc/x86_64-unknown-linux-gnu/5.5.0/lto-wrapper
Target: x86_64-unknown-linux-gnu
Configured with: ../configure --prefix=/home/linuxbrew/.linuxbrew/Cellar/gcc/5.5.0_7 --disable-nls --enable-checking=release --enable-languages=c,c++,objc,obj-c++,fortran --program-suffix=-5 --with-gmp=/home/linuxbrew/.linuxbrew/opt/gmp --with-mpfr=/home/linuxbrew/.linuxbrew/opt/mpfr --with-mpc=/home/linuxbrew/.linuxbrew/opt/libmpc --with-pkgversion='Homebrew GCC 5.5.0_7' --with-isl=/home/linuxbrew/.linuxbrew/opt/isl@0.18 --with-bugurl=https://github.com/Homebrew/linuxbrew-core/issues --with-boot-ldflags='-static-libstdc++ -static-libgcc ' --disable-multilib
Thread model: posix
gcc version 5.5.0 (Homebrew GCC 5.5.0_7) 
COMPILER_PATH=/home/linuxbrew/.linuxbrew/Cellar/gcc/5.5.0_7/libexec/gcc/x86_64-unknown-linux-gnu/5.5.0/:/home/linuxbrew/.linuxbrew/Cellar/gcc/5.5.0_7/libexec/gcc/x86_64-unknown-linux-gnu/5.5.0/:/home/linuxbrew/.linuxbrew/Cellar/gcc/5.5.0_7/libexec/gcc/x86_64-unknown-linux-gnu/:/home/linuxbrew/.linuxbrew/Cellar/gcc/5.5.0_7/lib/gcc/x86_64-unknown-linux-gnu/5.5.0/:/home/linuxbrew/.linuxbrew/Cellar/gcc/5.5.0_7/lib/gcc/x86_64-unknown-linux-gnu/
LIBRARY_PATH=/home/linuxbrew/.linuxbrew/Cellar/gcc/5.5.0_7/lib/gcc/x86_64-unknown-linux-gnu/5.5.0/:/home/linuxbrew/.linuxbrew/Cellar/gcc/5.5.0_7/lib/gcc/x86_64-unknown-linux-gnu/5.5.0/../../../:/lib/x86_64-linux-gnu/:/lib/:/usr/lib/x86_64-linux-gnu/:/usr/lib/
COLLECT_GCC_OPTIONS='-v' '-o' 'cmTC_623cb' '-mtune=generic' '-march=x86-64'
 /home/linuxbrew/.linuxbrew/Cellar/gcc/5.5.0_7/libexec/gcc/x86_64-unknown-linux-gnu/5.5.0/collect2 -plugin /home/linuxbrew/.linuxbrew/Cellar/gcc/5.5.0_7/libexec/gcc/x86_64-unknown-linux-gnu/5.5.0/liblto_plugin.so -plugin-opt=/home/linuxbrew/.linuxbrew/Cellar/gcc/5.5.0_7/libexec/gcc/x86_64-unknown-linux-gnu/5.5.0/lto-wrapper -plugin-opt=-fresolution=/tmp/ccOaGNo0.res -plugin-opt=-pass-through=-lgcc -plugin-opt=-pass-through=-lgcc_s -plugin-opt=-pass-through=-lc -plugin-opt=-pass-through=-lgcc -plugin-opt=-pass-through=-lgcc_s --eh-frame-hdr -m elf_x86_64 -dynamic-linker /lib64/ld-linux-x86-64.so.2 --dynamic-linker /home/linuxbrew/.linuxbrew/lib/ld.so -rpath /home/linuxbrew/.linuxbrew/lib -o cmTC_623cb /home/linuxbrew/.linuxbrew/Cellar/gcc/5.5.0_7/lib/gcc/x86_64-unknown-linux-gnu/5.5.0/crt1.o /home/linuxbrew/.linuxbrew/Cellar/gcc/5.5.0_7/lib/gcc/x86_64-unknown-linux-gnu/5.5.0/crti.o /home/linuxbrew/.linuxbrew/Cellar/gcc/5.5.0_7/lib/gcc/x86_64-unknown-linux-gnu/5.5.0/crtbegin.o -L/home/linuxbrew/.linuxbrew/Cellar/gcc/5.5.0_7/lib/gcc/x86_64-unknown-linux-gnu/5.5.0 -L/home/linuxbrew/.linuxbrew/Cellar/gcc/5.5.0_7/lib/gcc/x86_64-unknown-linux-gnu/5.5.0/../../.. -L/lib/x86_64-linux-gnu -L/usr/lib/x86_64-linux-gnu -L/home/linuxbrew/.linuxbrew/lib CMakeFiles/cmTC_623cb.dir/CMakeCCompilerABI.c.o -lgcc --as-needed -lgcc_s --no-as-needed -lc -lgcc --as-needed -lgcc_s --no-as-needed /home/linuxbrew/.linuxbrew/Cellar/gcc/5.5.0_7/lib/gcc/x86_64-unknown-linux-gnu/5.5.0/crtend.o /home/linuxbrew/.linuxbrew/Cellar/gcc/5.5.0_7/lib/gcc/x86_64-unknown-linux-gnu/5.5.0/crtn.o
make[1]: Leaving directory '/home/iancu/Desktop/TemaSemnale/cmake-build-debug/CMakeFiles/CMakeTmp'



Parsed C implicit include dir info from above output: rv=done
  found start of include info
  found start of implicit include info
    add: [/home/linuxbrew/.linuxbrew/Cellar/gcc/5.5.0_7/lib/gcc/x86_64-unknown-linux-gnu/5.5.0/include]
    add: [/home/linuxbrew/.linuxbrew/Cellar/gcc/5.5.0_7/include]
    add: [/home/linuxbrew/.linuxbrew/Cellar/gcc/5.5.0_7/lib/gcc/x86_64-unknown-linux-gnu/5.5.0/include-fixed]
    add: [/home/linuxbrew/.linuxbrew/include]
    add: [/usr/include/x86_64-linux-gnu]
    add: [/usr/include]
  end of search list found
  collapse include dir [/home/linuxbrew/.linuxbrew/Cellar/gcc/5.5.0_7/lib/gcc/x86_64-unknown-linux-gnu/5.5.0/include] ==> [/home/linuxbrew/.linuxbrew/Cellar/gcc/5.5.0_7/lib/gcc/x86_64-unknown-linux-gnu/5.5.0/include]
  collapse include dir [/home/linuxbrew/.linuxbrew/Cellar/gcc/5.5.0_7/include] ==> [/home/linuxbrew/.linuxbrew/Cellar/gcc/5.5.0_7/include]
  collapse include dir [/home/linuxbrew/.linuxbrew/Cellar/gcc/5.5.0_7/lib/gcc/x86_64-unknown-linux-gnu/5.5.0/include-fixed] ==> [/home/linuxbrew/.linuxbrew/Cellar/gcc/5.5.0_7/lib/gcc/x86_64-unknown-linux-gnu/5.5.0/include-fixed]
  collapse include dir [/home/linuxbrew/.linuxbrew/include] ==> [/home/linuxbrew/.linuxbrew/include]
  collapse include dir [/usr/include/x86_64-linux-gnu] ==> [/usr/include/x86_64-linux-gnu]
  collapse include dir [/usr/include] ==> [/usr/include]
  implicit include dirs: [/home/linuxbrew/.linuxbrew/Cellar/gcc/5.5.0_7/lib/gcc/x86_64-unknown-linux-gnu/5.5.0/include;/home/linuxbrew/.linuxbrew/Cellar/gcc/5.5.0_7/include;/home/linuxbrew/.linuxbrew/Cellar/gcc/5.5.0_7/lib/gcc/x86_64-unknown-linux-gnu/5.5.0/include-fixed;/home/linuxbrew/.linuxbrew/include;/usr/include/x86_64-linux-gnu;/usr/include]


Parsed C implicit link information from above output:
  link line regex: [^( *|.*[/\])(ld|CMAKE_LINK_STARTFILE-NOTFOUND|([^/\]+-)?ld|collect2)[^/\]*( |$)]
  ignore line: [Change Dir: /home/iancu/Desktop/TemaSemnale/cmake-build-debug/CMakeFiles/CMakeTmp]
  ignore line: []
  ignore line: [Run Build Command(s):/usr/bin/make cmTC_623cb/fast && /usr/bin/make  -f CMakeFiles/cmTC_623cb.dir/build.make CMakeFiles/cmTC_623cb.dir/build]
  ignore line: [make[1]: Entering directory '/home/iancu/Desktop/TemaSemnale/cmake-build-debug/CMakeFiles/CMakeTmp']
  ignore line: [Building C object CMakeFiles/cmTC_623cb.dir/CMakeCCompilerABI.c.o]
  ignore line: [/home/linuxbrew/.linuxbrew/bin/cc   -v -o CMakeFiles/cmTC_623cb.dir/CMakeCCompilerABI.c.o   -c /opt/clion/bin/cmake/linux/share/cmake-3.17/Modules/CMakeCCompilerABI.c]
  ignore line: [Reading specs from /home/linuxbrew/.linuxbrew/Cellar/gcc/5.5.0_7/lib/gcc/x86_64-unknown-linux-gnu/5.5.0/specs]
  ignore line: [COLLECT_GCC=/home/linuxbrew/.linuxbrew/bin/cc]
  ignore line: [Target: x86_64-unknown-linux-gnu]
  ignore line: [Configured with: ../configure --prefix=/home/linuxbrew/.linuxbrew/Cellar/gcc/5.5.0_7 --disable-nls --enable-checking=release --enable-languages=c,c++,objc,obj-c++,fortran --program-suffix=-5 --with-gmp=/home/linuxbrew/.linuxbrew/opt/gmp --with-mpfr=/home/linuxbrew/.linuxbrew/opt/mpfr --with-mpc=/home/linuxbrew/.linuxbrew/opt/libmpc --with-pkgversion='Homebrew GCC 5.5.0_7' --with-isl=/home/linuxbrew/.linuxbrew/opt/isl@0.18 --with-bugurl=https://github.com/Homebrew/linuxbrew-core/issues --with-boot-ldflags='-static-libstdc++ -static-libgcc ' --disable-multilib]
  ignore line: [Thread model: posix]
  ignore line: [gcc version 5.5.0 (Homebrew GCC 5.5.0_7) ]
  ignore line: [COLLECT_GCC_OPTIONS='-v' '-o' 'CMakeFiles/cmTC_623cb.dir/CMakeCCompilerABI.c.o' '-c' '-mtune=generic' '-march=x86-64']
  ignore line: [ /home/linuxbrew/.linuxbrew/Cellar/gcc/5.5.0_7/libexec/gcc/x86_64-unknown-linux-gnu/5.5.0/cc1 -quiet -v -imultiarch x86_64-linux-gnu /opt/clion/bin/cmake/linux/share/cmake-3.17/Modules/CMakeCCompilerABI.c -isysroot /home/linuxbrew/.linuxbrew/nonexistent -idirafter /home/linuxbrew/.linuxbrew/include -idirafter /usr/include/x86_64-linux-gnu -idirafter /usr/include -quiet -dumpbase CMakeCCompilerABI.c -mtune=generic -march=x86-64 -auxbase-strip CMakeFiles/cmTC_623cb.dir/CMakeCCompilerABI.c.o -version -o /tmp/ccqrEIhx.s]
  ignore line: [GNU C11 (Homebrew GCC 5.5.0_7) version 5.5.0 (x86_64-unknown-linux-gnu)]
  ignore line: [	compiled by GNU C version 5.5.0  GMP version 6.2.1  MPFR version 4.1.0  MPC version 1.2.1]
  ignore line: [GGC heuristics: --param ggc-min-expand=100 --param ggc-min-heapsize=131072]
  ignore line: [ignoring nonexistent directory "/home/linuxbrew/.linuxbrew/nonexistent/usr/local/include/x86_64-linux-gnu"]
  ignore line: [ignoring nonexistent directory "/home/linuxbrew/.linuxbrew/nonexistent/usr/local/include"]
  ignore line: [ignoring nonexistent directory "/home/linuxbrew/.linuxbrew/Cellar/gcc/5.5.0_7/lib/gcc/x86_64-unknown-linux-gnu/5.5.0/../../../../x86_64-unknown-linux-gnu/include"]
  ignore line: [ignoring nonexistent directory "/home/linuxbrew/.linuxbrew/nonexistent/usr/include/x86_64-linux-gnu"]
  ignore line: [ignoring nonexistent directory "/home/linuxbrew/.linuxbrew/nonexistent/usr/include"]
  ignore line: [#include "..." search starts here:]
  ignore line: [#include <...> search starts here:]
  ignore line: [ /home/linuxbrew/.linuxbrew/Cellar/gcc/5.5.0_7/lib/gcc/x86_64-unknown-linux-gnu/5.5.0/include]
  ignore line: [ /home/linuxbrew/.linuxbrew/Cellar/gcc/5.5.0_7/include]
  ignore line: [ /home/linuxbrew/.linuxbrew/Cellar/gcc/5.5.0_7/lib/gcc/x86_64-unknown-linux-gnu/5.5.0/include-fixed]
  ignore line: [ /home/linuxbrew/.linuxbrew/include]
  ignore line: [ /usr/include/x86_64-linux-gnu]
  ignore line: [ /usr/include]
  ignore line: [End of search list.]
  ignore line: [GNU C11 (Homebrew GCC 5.5.0_7) version 5.5.0 (x86_64-unknown-linux-gnu)]
  ignore line: [	compiled by GNU C version 5.5.0  GMP version 6.2.1  MPFR version 4.1.0  MPC version 1.2.1]
  ignore line: [GGC heuristics: --param ggc-min-expand=100 --param ggc-min-heapsize=131072]
  ignore line: [Compiler executable checksum: 70d2c04315d6904ae9601dadcfdf9fc4]
  ignore line: [COLLECT_GCC_OPTIONS='-v' '-o' 'CMakeFiles/cmTC_623cb.dir/CMakeCCompilerABI.c.o' '-c' '-mtune=generic' '-march=x86-64']
  ignore line: [ as -v --64 -o CMakeFiles/cmTC_623cb.dir/CMakeCCompilerABI.c.o /tmp/ccqrEIhx.s]
  ignore line: [GNU assembler version 2.36.1 (x86_64-pc-linux-gnu) using BFD version (GNU Binutils) 2.36.1]
  ignore line: [COMPILER_PATH=/home/linuxbrew/.linuxbrew/Cellar/gcc/5.5.0_7/libexec/gcc/x86_64-unknown-linux-gnu/5.5.0/:/home/linuxbrew/.linuxbrew/Cellar/gcc/5.5.0_7/libexec/gcc/x86_64-unknown-linux-gnu/5.5.0/:/home/linuxbrew/.linuxbrew/Cellar/gcc/5.5.0_7/libexec/gcc/x86_64-unknown-linux-gnu/:/home/linuxbrew/.linuxbrew/Cellar/gcc/5.5.0_7/lib/gcc/x86_64-unknown-linux-gnu/5.5.0/:/home/linuxbrew/.linuxbrew/Cellar/gcc/5.5.0_7/lib/gcc/x86_64-unknown-linux-gnu/]
  ignore line: [LIBRARY_PATH=/home/linuxbrew/.linuxbrew/Cellar/gcc/5.5.0_7/lib/gcc/x86_64-unknown-linux-gnu/5.5.0/:/home/linuxbrew/.linuxbrew/Cellar/gcc/5.5.0_7/lib/gcc/x86_64-unknown-linux-gnu/5.5.0/../../../:/lib/x86_64-linux-gnu/:/lib/:/usr/lib/x86_64-linux-gnu/:/usr/lib/]
  ignore line: [COLLECT_GCC_OPTIONS='-v' '-o' 'CMakeFiles/cmTC_623cb.dir/CMakeCCompilerABI.c.o' '-c' '-mtune=generic' '-march=x86-64']
  ignore line: [Linking C executable cmTC_623cb]
  ignore line: [/opt/clion/bin/cmake/linux/bin/cmake -E cmake_link_script CMakeFiles/cmTC_623cb.dir/link.txt --verbose=1]
  ignore line: [/home/linuxbrew/.linuxbrew/bin/cc     -v CMakeFiles/cmTC_623cb.dir/CMakeCCompilerABI.c.o  -o cmTC_623cb ]
  ignore line: [Reading specs from /home/linuxbrew/.linuxbrew/Cellar/gcc/5.5.0_7/lib/gcc/x86_64-unknown-linux-gnu/5.5.0/specs]
  ignore line: [COLLECT_GCC=/home/linuxbrew/.linuxbrew/bin/cc]
  ignore line: [COLLECT_LTO_WRAPPER=/home/linuxbrew/.linuxbrew/Cellar/gcc/5.5.0_7/libexec/gcc/x86_64-unknown-linux-gnu/5.5.0/lto-wrapper]
  ignore line: [Target: x86_64-unknown-linux-gnu]
  ignore line: [Configured with: ../configure --prefix=/home/linuxbrew/.linuxbrew/Cellar/gcc/5.5.0_7 --disable-nls --enable-checking=release --enable-languages=c,c++,objc,obj-c++,fortran --program-suffix=-5 --with-gmp=/home/linuxbrew/.linuxbrew/opt/gmp --with-mpfr=/home/linuxbrew/.linuxbrew/opt/mpfr --with-mpc=/home/linuxbrew/.linuxbrew/opt/libmpc --with-pkgversion='Homebrew GCC 5.5.0_7' --with-isl=/home/linuxbrew/.linuxbrew/opt/isl@0.18 --with-bugurl=https://github.com/Homebrew/linuxbrew-core/issues --with-boot-ldflags='-static-libstdc++ -static-libgcc ' --disable-multilib]
  ignore line: [Thread model: posix]
  ignore line: [gcc version 5.5.0 (Homebrew GCC 5.5.0_7) ]
  ignore line: [COMPILER_PATH=/home/linuxbrew/.linuxbrew/Cellar/gcc/5.5.0_7/libexec/gcc/x86_64-unknown-linux-gnu/5.5.0/:/home/linuxbrew/.linuxbrew/Cellar/gcc/5.5.0_7/libexec/gcc/x86_64-unknown-linux-gnu/5.5.0/:/home/linuxbrew/.linuxbrew/Cellar/gcc/5.5.0_7/libexec/gcc/x86_64-unknown-linux-gnu/:/home/linuxbrew/.linuxbrew/Cellar/gcc/5.5.0_7/lib/gcc/x86_64-unknown-linux-gnu/5.5.0/:/home/linuxbrew/.linuxbrew/Cellar/gcc/5.5.0_7/lib/gcc/x86_64-unknown-linux-gnu/]
  ignore line: [LIBRARY_PATH=/home/linuxbrew/.linuxbrew/Cellar/gcc/5.5.0_7/lib/gcc/x86_64-unknown-linux-gnu/5.5.0/:/home/linuxbrew/.linuxbrew/Cellar/gcc/5.5.0_7/lib/gcc/x86_64-unknown-linux-gnu/5.5.0/../../../:/lib/x86_64-linux-gnu/:/lib/:/usr/lib/x86_64-linux-gnu/:/usr/lib/]
  ignore line: [COLLECT_GCC_OPTIONS='-v' '-o' 'cmTC_623cb' '-mtune=generic' '-march=x86-64']
  link line: [ /home/linuxbrew/.linuxbrew/Cellar/gcc/5.5.0_7/libexec/gcc/x86_64-unknown-linux-gnu/5.5.0/collect2 -plugin /home/linuxbrew/.linuxbrew/Cellar/gcc/5.5.0_7/libexec/gcc/x86_64-unknown-linux-gnu/5.5.0/liblto_plugin.so -plugin-opt=/home/linuxbrew/.linuxbrew/Cellar/gcc/5.5.0_7/libexec/gcc/x86_64-unknown-linux-gnu/5.5.0/lto-wrapper -plugin-opt=-fresolution=/tmp/ccOaGNo0.res -plugin-opt=-pass-through=-lgcc -plugin-opt=-pass-through=-lgcc_s -plugin-opt=-pass-through=-lc -plugin-opt=-pass-through=-lgcc -plugin-opt=-pass-through=-lgcc_s --eh-frame-hdr -m elf_x86_64 -dynamic-linker /lib64/ld-linux-x86-64.so.2 --dynamic-linker /home/linuxbrew/.linuxbrew/lib/ld.so -rpath /home/linuxbrew/.linuxbrew/lib -o cmTC_623cb /home/linuxbrew/.linuxbrew/Cellar/gcc/5.5.0_7/lib/gcc/x86_64-unknown-linux-gnu/5.5.0/crt1.o /home/linuxbrew/.linuxbrew/Cellar/gcc/5.5.0_7/lib/gcc/x86_64-unknown-linux-gnu/5.5.0/crti.o /home/linuxbrew/.linuxbrew/Cellar/gcc/5.5.0_7/lib/gcc/x86_64-unknown-linux-gnu/5.5.0/crtbegin.o -L/home/linuxbrew/.linuxbrew/Cellar/gcc/5.5.0_7/lib/gcc/x86_64-unknown-linux-gnu/5.5.0 -L/home/linuxbrew/.linuxbrew/Cellar/gcc/5.5.0_7/lib/gcc/x86_64-unknown-linux-gnu/5.5.0/../../.. -L/lib/x86_64-linux-gnu -L/usr/lib/x86_64-linux-gnu -L/home/linuxbrew/.linuxbrew/lib CMakeFiles/cmTC_623cb.dir/CMakeCCompilerABI.c.o -lgcc --as-needed -lgcc_s --no-as-needed -lc -lgcc --as-needed -lgcc_s --no-as-needed /home/linuxbrew/.linuxbrew/Cellar/gcc/5.5.0_7/lib/gcc/x86_64-unknown-linux-gnu/5.5.0/crtend.o /home/linuxbrew/.linuxbrew/Cellar/gcc/5.5.0_7/lib/gcc/x86_64-unknown-linux-gnu/5.5.0/crtn.o]
    arg [/home/linuxbrew/.linuxbrew/Cellar/gcc/5.5.0_7/libexec/gcc/x86_64-unknown-linux-gnu/5.5.0/collect2] ==> ignore
    arg [-plugin] ==> ignore
    arg [/home/linuxbrew/.linuxbrew/Cellar/gcc/5.5.0_7/libexec/gcc/x86_64-unknown-linux-gnu/5.5.0/liblto_plugin.so] ==> ignore
    arg [-plugin-opt=/home/linuxbrew/.linuxbrew/Cellar/gcc/5.5.0_7/libexec/gcc/x86_64-unknown-linux-gnu/5.5.0/lto-wrapper] ==> ignore
    arg [-plugin-opt=-fresolution=/tmp/ccOaGNo0.res] ==> ignore
    arg [-plugin-opt=-pass-through=-lgcc] ==> ignore
    arg [-plugin-opt=-pass-through=-lgcc_s] ==> ignore
    arg [-plugin-opt=-pass-through=-lc] ==> ignore
    arg [-plugin-opt=-pass-through=-lgcc] ==> ignore
    arg [-plugin-opt=-pass-through=-lgcc_s] ==> ignore
    arg [--eh-frame-hdr] ==> ignore
    arg [-m] ==> ignore
    arg [elf_x86_64] ==> ignore
    arg [-dynamic-linker] ==> ignore
    arg [/lib64/ld-linux-x86-64.so.2] ==> ignore
    arg [--dynamic-linker] ==> ignore
    arg [/home/linuxbrew/.linuxbrew/lib/ld.so] ==> ignore
    arg [-rpath] ==> ignore
    arg [/home/linuxbrew/.linuxbrew/lib] ==> ignore
    arg [-o] ==> ignore
    arg [cmTC_623cb] ==> ignore
    arg [/home/linuxbrew/.linuxbrew/Cellar/gcc/5.5.0_7/lib/gcc/x86_64-unknown-linux-gnu/5.5.0/crt1.o] ==> ignore
    arg [/home/linuxbrew/.linuxbrew/Cellar/gcc/5.5.0_7/lib/gcc/x86_64-unknown-linux-gnu/5.5.0/crti.o] ==> ignore
    arg [/home/linuxbrew/.linuxbrew/Cellar/gcc/5.5.0_7/lib/gcc/x86_64-unknown-linux-gnu/5.5.0/crtbegin.o] ==> ignore
    arg [-L/home/linuxbrew/.linuxbrew/Cellar/gcc/5.5.0_7/lib/gcc/x86_64-unknown-linux-gnu/5.5.0] ==> dir [/home/linuxbrew/.linuxbrew/Cellar/gcc/5.5.0_7/lib/gcc/x86_64-unknown-linux-gnu/5.5.0]
    arg [-L/home/linuxbrew/.linuxbrew/Cellar/gcc/5.5.0_7/lib/gcc/x86_64-unknown-linux-gnu/5.5.0/../../..] ==> dir [/home/linuxbrew/.linuxbrew/Cellar/gcc/5.5.0_7/lib/gcc/x86_64-unknown-linux-gnu/5.5.0/../../..]
    arg [-L/lib/x86_64-linux-gnu] ==> dir [/lib/x86_64-linux-gnu]
    arg [-L/usr/lib/x86_64-linux-gnu] ==> dir [/usr/lib/x86_64-linux-gnu]
    arg [-L/home/linuxbrew/.linuxbrew/lib] ==> dir [/home/linuxbrew/.linuxbrew/lib]
    arg [CMakeFiles/cmTC_623cb.dir/CMakeCCompilerABI.c.o] ==> ignore
    arg [-lgcc] ==> lib [gcc]
    arg [--as-needed] ==> ignore
    arg [-lgcc_s] ==> lib [gcc_s]
    arg [--no-as-needed] ==> ignore
    arg [-lc] ==> lib [c]
    arg [-lgcc] ==> lib [gcc]
    arg [--as-needed] ==> ignore
    arg [-lgcc_s] ==> lib [gcc_s]
    arg [--no-as-needed] ==> ignore
    arg [/home/linuxbrew/.linuxbrew/Cellar/gcc/5.5.0_7/lib/gcc/x86_64-unknown-linux-gnu/5.5.0/crtend.o] ==> ignore
    arg [/home/linuxbrew/.linuxbrew/Cellar/gcc/5.5.0_7/lib/gcc/x86_64-unknown-linux-gnu/5.5.0/crtn.o] ==> ignore
  collapse library dir [/home/linuxbrew/.linuxbrew/Cellar/gcc/5.5.0_7/lib/gcc/x86_64-unknown-linux-gnu/5.5.0] ==> [/home/linuxbrew/.linuxbrew/Cellar/gcc/5.5.0_7/lib/gcc/x86_64-unknown-linux-gnu/5.5.0]
  collapse library dir [/home/linuxbrew/.linuxbrew/Cellar/gcc/5.5.0_7/lib/gcc/x86_64-unknown-linux-gnu/5.5.0/../../..] ==> [/home/linuxbrew/.linuxbrew/Cellar/gcc/5.5.0_7/lib]
  collapse library dir [/lib/x86_64-linux-gnu] ==> [/lib/x86_64-linux-gnu]
  collapse library dir [/usr/lib/x86_64-linux-gnu] ==> [/usr/lib/x86_64-linux-gnu]
  collapse library dir [/home/linuxbrew/.linuxbrew/lib] ==> [/home/linuxbrew/.linuxbrew/lib]
  implicit libs: [gcc;gcc_s;c;gcc;gcc_s]
  implicit dirs: [/home/linuxbrew/.linuxbrew/Cellar/gcc/5.5.0_7/lib/gcc/x86_64-unknown-linux-gnu/5.5.0;/home/linuxbrew/.linuxbrew/Cellar/gcc/5.5.0_7/lib;/lib/x86_64-linux-gnu;/usr/lib/x86_64-linux-gnu;/home/linuxbrew/.linuxbrew/lib]
  implicit fwks: []


Determining if the CXX compiler works passed with the following output:
Change Dir: /home/iancu/Desktop/TemaSemnale/cmake-build-debug/CMakeFiles/CMakeTmp

Run Build Command(s):/usr/bin/make cmTC_29b1c/fast && /usr/bin/make  -f CMakeFiles/cmTC_29b1c.dir/build.make CMakeFiles/cmTC_29b1c.dir/build
make[1]: Entering directory '/home/iancu/Desktop/TemaSemnale/cmake-build-debug/CMakeFiles/CMakeTmp'
Building CXX object CMakeFiles/cmTC_29b1c.dir/testCXXCompiler.cxx.o
/home/linuxbrew/.linuxbrew/bin/c++     -o CMakeFiles/cmTC_29b1c.dir/testCXXCompiler.cxx.o -c /home/iancu/Desktop/TemaSemnale/cmake-build-debug/CMakeFiles/CMakeTmp/testCXXCompiler.cxx
Linking CXX executable cmTC_29b1c
/opt/clion/bin/cmake/linux/bin/cmake -E cmake_link_script CMakeFiles/cmTC_29b1c.dir/link.txt --verbose=1
/home/linuxbrew/.linuxbrew/bin/c++       CMakeFiles/cmTC_29b1c.dir/testCXXCompiler.cxx.o  -o cmTC_29b1c 
make[1]: Leaving directory '/home/iancu/Desktop/TemaSemnale/cmake-build-debug/CMakeFiles/CMakeTmp'



Detecting CXX compiler ABI info compiled with the following output:
Change Dir: /home/iancu/Desktop/TemaSemnale/cmake-build-debug/CMakeFiles/CMakeTmp

Run Build Command(s):/usr/bin/make cmTC_01c52/fast && /usr/bin/make  -f CMakeFiles/cmTC_01c52.dir/build.make CMakeFiles/cmTC_01c52.dir/build
make[1]: Entering directory '/home/iancu/Desktop/TemaSemnale/cmake-build-debug/CMakeFiles/CMakeTmp'
Building CXX object CMakeFiles/cmTC_01c52.dir/CMakeCXXCompilerABI.cpp.o
/home/linuxbrew/.linuxbrew/bin/c++    -v -o CMakeFiles/cmTC_01c52.dir/CMakeCXXCompilerABI.cpp.o -c /opt/clion/bin/cmake/linux/share/cmake-3.17/Modules/CMakeCXXCompilerABI.cpp
Reading specs from /home/linuxbrew/.linuxbrew/Cellar/gcc/5.5.0_7/lib/gcc/x86_64-unknown-linux-gnu/5.5.0/specs
COLLECT_GCC=/home/linuxbrew/.linuxbrew/bin/c++
Target: x86_64-unknown-linux-gnu
Configured with: ../configure --prefix=/home/linuxbrew/.linuxbrew/Cellar/gcc/5.5.0_7 --disable-nls --enable-checking=release --enable-languages=c,c++,objc,obj-c++,fortran --program-suffix=-5 --with-gmp=/home/linuxbrew/.linuxbrew/opt/gmp --with-mpfr=/home/linuxbrew/.linuxbrew/opt/mpfr --with-mpc=/home/linuxbrew/.linuxbrew/opt/libmpc --with-pkgversion='Homebrew GCC 5.5.0_7' --with-isl=/home/linuxbrew/.linuxbrew/opt/isl@0.18 --with-bugurl=https://github.com/Homebrew/linuxbrew-core/issues --with-boot-ldflags='-static-libstdc++ -static-libgcc ' --disable-multilib
Thread model: posix
gcc version 5.5.0 (Homebrew GCC 5.5.0_7) 
COLLECT_GCC_OPTIONS='-v' '-o' 'CMakeFiles/cmTC_01c52.dir/CMakeCXXCompilerABI.cpp.o' '-c' '-shared-libgcc' '-mtune=generic' '-march=x86-64'
 /home/linuxbrew/.linuxbrew/Cellar/gcc/5.5.0_7/libexec/gcc/x86_64-unknown-linux-gnu/5.5.0/cc1plus -quiet -v -imultiarch x86_64-linux-gnu -D_GNU_SOURCE /opt/clion/bin/cmake/linux/share/cmake-3.17/Modules/CMakeCXXCompilerABI.cpp -isysroot /home/linuxbrew/.linuxbrew/nonexistent -idirafter /home/linuxbrew/.linuxbrew/include -idirafter /usr/include/x86_64-linux-gnu -idirafter /usr/include -quiet -dumpbase CMakeCXXCompilerABI.cpp -mtune=generic -march=x86-64 -auxbase-strip CMakeFiles/cmTC_01c52.dir/CMakeCXXCompilerABI.cpp.o -version -o /tmp/cc04p6VL.s
GNU C++ (Homebrew GCC 5.5.0_7) version 5.5.0 (x86_64-unknown-linux-gnu)
	compiled by GNU C version 5.5.0, GMP version 6.2.1, MPFR version 4.1.0, MPC version 1.2.1
GGC heuristics: --param ggc-min-expand=100 --param ggc-min-heapsize=131072
ignoring nonexistent directory "/home/linuxbrew/.linuxbrew/nonexistent/usr/local/include/x86_64-linux-gnu"
ignoring nonexistent directory "/home/linuxbrew/.linuxbrew/nonexistent/usr/local/include"
ignoring nonexistent directory "/home/linuxbrew/.linuxbrew/Cellar/gcc/5.5.0_7/lib/gcc/x86_64-unknown-linux-gnu/5.5.0/../../../../x86_64-unknown-linux-gnu/include"
ignoring nonexistent directory "/home/linuxbrew/.linuxbrew/nonexistent/usr/include/x86_64-linux-gnu"
ignoring nonexistent directory "/home/linuxbrew/.linuxbrew/nonexistent/usr/include"
#include "..." search starts here:
#include <...> search starts here:
 /home/linuxbrew/.linuxbrew/Cellar/gcc/5.5.0_7/lib/gcc/x86_64-unknown-linux-gnu/5.5.0/../../../../include/c++/5.5.0
 /home/linuxbrew/.linuxbrew/Cellar/gcc/5.5.0_7/lib/gcc/x86_64-unknown-linux-gnu/5.5.0/../../../../include/c++/5.5.0/x86_64-unknown-linux-gnu
 /home/linuxbrew/.linuxbrew/Cellar/gcc/5.5.0_7/lib/gcc/x86_64-unknown-linux-gnu/5.5.0/../../../../include/c++/5.5.0/backward
 /home/linuxbrew/.linuxbrew/Cellar/gcc/5.5.0_7/lib/gcc/x86_64-unknown-linux-gnu/5.5.0/include
 /home/linuxbrew/.linuxbrew/Cellar/gcc/5.5.0_7/include
 /home/linuxbrew/.linuxbrew/Cellar/gcc/5.5.0_7/lib/gcc/x86_64-unknown-linux-gnu/5.5.0/include-fixed
 /home/linuxbrew/.linuxbrew/include
 /usr/include/x86_64-linux-gnu
 /usr/include
End of search list.
GNU C++ (Homebrew GCC 5.5.0_7) version 5.5.0 (x86_64-unknown-linux-gnu)
	compiled by GNU C version 5.5.0, GMP version 6.2.1, MPFR version 4.1.0, MPC version 1.2.1
GGC heuristics: --param ggc-min-expand=100 --param ggc-min-heapsize=131072
Compiler executable checksum: 425806bb807cf610436c94efd1ea462d
COLLECT_GCC_OPTIONS='-v' '-o' 'CMakeFiles/cmTC_01c52.dir/CMakeCXXCompilerABI.cpp.o' '-c' '-shared-libgcc' '-mtune=generic' '-march=x86-64'
 as -v --64 -o CMakeFiles/cmTC_01c52.dir/CMakeCXXCompilerABI.cpp.o /tmp/cc04p6VL.s
GNU assembler version 2.36.1 (x86_64-pc-linux-gnu) using BFD version (GNU Binutils) 2.36.1
COMPILER_PATH=/home/linuxbrew/.linuxbrew/Cellar/gcc/5.5.0_7/libexec/gcc/x86_64-unknown-linux-gnu/5.5.0/:/home/linuxbrew/.linuxbrew/Cellar/gcc/5.5.0_7/libexec/gcc/x86_64-unknown-linux-gnu/5.5.0/:/home/linuxbrew/.linuxbrew/Cellar/gcc/5.5.0_7/libexec/gcc/x86_64-unknown-linux-gnu/:/home/linuxbrew/.linuxbrew/Cellar/gcc/5.5.0_7/lib/gcc/x86_64-unknown-linux-gnu/5.5.0/:/home/linuxbrew/.linuxbrew/Cellar/gcc/5.5.0_7/lib/gcc/x86_64-unknown-linux-gnu/
LIBRARY_PATH=/home/linuxbrew/.linuxbrew/Cellar/gcc/5.5.0_7/lib/gcc/x86_64-unknown-linux-gnu/5.5.0/:/home/linuxbrew/.linuxbrew/Cellar/gcc/5.5.0_7/lib/gcc/x86_64-unknown-linux-gnu/5.5.0/../../../:/lib/x86_64-linux-gnu/:/lib/:/usr/lib/x86_64-linux-gnu/:/usr/lib/
COLLECT_GCC_OPTIONS='-v' '-o' 'CMakeFiles/cmTC_01c52.dir/CMakeCXXCompilerABI.cpp.o' '-c' '-shared-libgcc' '-mtune=generic' '-march=x86-64'
Linking CXX executable cmTC_01c52
/opt/clion/bin/cmake/linux/bin/cmake -E cmake_link_script CMakeFiles/cmTC_01c52.dir/link.txt --verbose=1
/home/linuxbrew/.linuxbrew/bin/c++      -v CMakeFiles/cmTC_01c52.dir/CMakeCXXCompilerABI.cpp.o  -o cmTC_01c52 
Reading specs from /home/linuxbrew/.linuxbrew/Cellar/gcc/5.5.0_7/lib/gcc/x86_64-unknown-linux-gnu/5.5.0/specs
COLLECT_GCC=/home/linuxbrew/.linuxbrew/bin/c++
COLLECT_LTO_WRAPPER=/home/linuxbrew/.linuxbrew/Cellar/gcc/5.5.0_7/libexec/gcc/x86_64-unknown-linux-gnu/5.5.0/lto-wrapper
Target: x86_64-unknown-linux-gnu
Configured with: ../configure --prefix=/home/linuxbrew/.linuxbrew/Cellar/gcc/5.5.0_7 --disable-nls --enable-checking=release --enable-languages=c,c++,objc,obj-c++,fortran --program-suffix=-5 --with-gmp=/home/linuxbrew/.linuxbrew/opt/gmp --with-mpfr=/home/linuxbrew/.linuxbrew/opt/mpfr --with-mpc=/home/linuxbrew/.linuxbrew/opt/libmpc --with-pkgversion='Homebrew GCC 5.5.0_7' --with-isl=/home/linuxbrew/.linuxbrew/opt/isl@0.18 --with-bugurl=https://github.com/Homebrew/linuxbrew-core/issues --with-boot-ldflags='-static-libstdc++ -static-libgcc ' --disable-multilib
Thread model: posix
gcc version 5.5.0 (Homebrew GCC 5.5.0_7) 
COMPILER_PATH=/home/linuxbrew/.linuxbrew/Cellar/gcc/5.5.0_7/libexec/gcc/x86_64-unknown-linux-gnu/5.5.0/:/home/linuxbrew/.linuxbrew/Cellar/gcc/5.5.0_7/libexec/gcc/x86_64-unknown-linux-gnu/5.5.0/:/home/linuxbrew/.linuxbrew/Cellar/gcc/5.5.0_7/libexec/gcc/x86_64-unknown-linux-gnu/:/home/linuxbrew/.linuxbrew/Cellar/gcc/5.5.0_7/lib/gcc/x86_64-unknown-linux-gnu/5.5.0/:/home/linuxbrew/.linuxbrew/Cellar/gcc/5.5.0_7/lib/gcc/x86_64-unknown-linux-gnu/
LIBRARY_PATH=/home/linuxbrew/.linuxbrew/Cellar/gcc/5.5.0_7/lib/gcc/x86_64-unknown-linux-gnu/5.5.0/:/home/linuxbrew/.linuxbrew/Cellar/gcc/5.5.0_7/lib/gcc/x86_64-unknown-linux-gnu/5.5.0/../../../:/lib/x86_64-linux-gnu/:/lib/:/usr/lib/x86_64-linux-gnu/:/usr/lib/
COLLECT_GCC_OPTIONS='-v' '-o' 'cmTC_01c52' '-shared-libgcc' '-mtune=generic' '-march=x86-64'
 /home/linuxbrew/.linuxbrew/Cellar/gcc/5.5.0_7/libexec/gcc/x86_64-unknown-linux-gnu/5.5.0/collect2 -plugin /home/linuxbrew/.linuxbrew/Cellar/gcc/5.5.0_7/libexec/gcc/x86_64-unknown-linux-gnu/5.5.0/liblto_plugin.so -plugin-opt=/home/linuxbrew/.linuxbrew/Cellar/gcc/5.5.0_7/libexec/gcc/x86_64-unknown-linux-gnu/5.5.0/lto-wrapper -plugin-opt=-fresolution=/tmp/cc3lXX6e.res -plugin-opt=-pass-through=-lgcc_s -plugin-opt=-pass-through=-lgcc -plugin-opt=-pass-through=-lc -plugin-opt=-pass-through=-lgcc_s -plugin-opt=-pass-through=-lgcc --eh-frame-hdr -m elf_x86_64 -dynamic-linker /lib64/ld-linux-x86-64.so.2 --dynamic-linker /home/linuxbrew/.linuxbrew/lib/ld.so -rpath /home/linuxbrew/.linuxbrew/lib -o cmTC_01c52 /home/linuxbrew/.linuxbrew/Cellar/gcc/5.5.0_7/lib/gcc/x86_64-unknown-linux-gnu/5.5.0/crt1.o /home/linuxbrew/.linuxbrew/Cellar/gcc/5.5.0_7/lib/gcc/x86_64-unknown-linux-gnu/5.5.0/crti.o /home/linuxbrew/.linuxbrew/Cellar/gcc/5.5.0_7/lib/gcc/x86_64-unknown-linux-gnu/5.5.0/crtbegin.o -L/home/linuxbrew/.linuxbrew/Cellar/gcc/5.5.0_7/lib/gcc/x86_64-unknown-linux-gnu/5.5.0 -L/home/linuxbrew/.linuxbrew/Cellar/gcc/5.5.0_7/lib/gcc/x86_64-unknown-linux-gnu/5.5.0/../../.. -L/lib/x86_64-linux-gnu -L/usr/lib/x86_64-linux-gnu -L/home/linuxbrew/.linuxbrew/lib CMakeFiles/cmTC_01c52.dir/CMakeCXXCompilerABI.cpp.o -lstdc++ -lm -lgcc_s -lgcc -lc -lgcc_s -lgcc /home/linuxbrew/.linuxbrew/Cellar/gcc/5.5.0_7/lib/gcc/x86_64-unknown-linux-gnu/5.5.0/crtend.o /home/linuxbrew/.linuxbrew/Cellar/gcc/5.5.0_7/lib/gcc/x86_64-unknown-linux-gnu/5.5.0/crtn.o
make[1]: Leaving directory '/home/iancu/Desktop/TemaSemnale/cmake-build-debug/CMakeFiles/CMakeTmp'



Parsed CXX implicit include dir info from above output: rv=done
  found start of include info
  found start of implicit include info
    add: [/home/linuxbrew/.linuxbrew/Cellar/gcc/5.5.0_7/lib/gcc/x86_64-unknown-linux-gnu/5.5.0/../../../../include/c++/5.5.0]
    add: [/home/linuxbrew/.linuxbrew/Cellar/gcc/5.5.0_7/lib/gcc/x86_64-unknown-linux-gnu/5.5.0/../../../../include/c++/5.5.0/x86_64-unknown-linux-gnu]
    add: [/home/linuxbrew/.linuxbrew/Cellar/gcc/5.5.0_7/lib/gcc/x86_64-unknown-linux-gnu/5.5.0/../../../../include/c++/5.5.0/backward]
    add: [/home/linuxbrew/.linuxbrew/Cellar/gcc/5.5.0_7/lib/gcc/x86_64-unknown-linux-gnu/5.5.0/include]
    add: [/home/linuxbrew/.linuxbrew/Cellar/gcc/5.5.0_7/include]
    add: [/home/linuxbrew/.linuxbrew/Cellar/gcc/5.5.0_7/lib/gcc/x86_64-unknown-linux-gnu/5.5.0/include-fixed]
    add: [/home/linuxbrew/.linuxbrew/include]
    add: [/usr/include/x86_64-linux-gnu]
    add: [/usr/include]
  end of search list found
  collapse include dir [/home/linuxbrew/.linuxbrew/Cellar/gcc/5.5.0_7/lib/gcc/x86_64-unknown-linux-gnu/5.5.0/../../../../include/c++/5.5.0] ==> [/home/linuxbrew/.linuxbrew/Cellar/gcc/5.5.0_7/include/c++/5.5.0]
  collapse include dir [/home/linuxbrew/.linuxbrew/Cellar/gcc/5.5.0_7/lib/gcc/x86_64-unknown-linux-gnu/5.5.0/../../../../include/c++/5.5.0/x86_64-unknown-linux-gnu] ==> [/home/linuxbrew/.linuxbrew/Cellar/gcc/5.5.0_7/include/c++/5.5.0/x86_64-unknown-linux-gnu]
  collapse include dir [/home/linuxbrew/.linuxbrew/Cellar/gcc/5.5.0_7/lib/gcc/x86_64-unknown-linux-gnu/5.5.0/../../../../include/c++/5.5.0/backward] ==> [/home/linuxbrew/.linuxbrew/Cellar/gcc/5.5.0_7/include/c++/5.5.0/backward]
  collapse include dir [/home/linuxbrew/.linuxbrew/Cellar/gcc/5.5.0_7/lib/gcc/x86_64-unknown-linux-gnu/5.5.0/include] ==> [/home/linuxbrew/.linuxbrew/Cellar/gcc/5.5.0_7/lib/gcc/x86_64-unknown-linux-gnu/5.5.0/include]
  collapse include dir [/home/linuxbrew/.linuxbrew/Cellar/gcc/5.5.0_7/include] ==> [/home/linuxbrew/.linuxbrew/Cellar/gcc/5.5.0_7/include]
  collapse include dir [/home/linuxbrew/.linuxbrew/Cellar/gcc/5.5.0_7/lib/gcc/x86_64-unknown-linux-gnu/5.5.0/include-fixed] ==> [/home/linuxbrew/.linuxbrew/Cellar/gcc/5.5.0_7/lib/gcc/x86_64-unknown-linux-gnu/5.5.0/include-fixed]
  collapse include dir [/home/linuxbrew/.linuxbrew/include] ==> [/home/linuxbrew/.linuxbrew/include]
  collapse include dir [/usr/include/x86_64-linux-gnu] ==> [/usr/include/x86_64-linux-gnu]
  collapse include dir [/usr/include] ==> [/usr/include]
  implicit include dirs: [/home/linuxbrew/.linuxbrew/Cellar/gcc/5.5.0_7/include/c++/5.5.0;/home/linuxbrew/.linuxbrew/Cellar/gcc/5.5.0_7/include/c++/5.5.0/x86_64-unknown-linux-gnu;/home/linuxbrew/.linuxbrew/Cellar/gcc/5.5.0_7/include/c++/5.5.0/backward;/home/linuxbrew/.linuxbrew/Cellar/gcc/5.5.0_7/lib/gcc/x86_64-unknown-linux-gnu/5.5.0/include;/home/linuxbrew/.linuxbrew/Cellar/gcc/5.5.0_7/include;/home/linuxbrew/.linuxbrew/Cellar/gcc/5.5.0_7/lib/gcc/x86_64-unknown-linux-gnu/5.5.0/include-fixed;/home/linuxbrew/.linuxbrew/include;/usr/include/x86_64-linux-gnu;/usr/include]


Parsed CXX implicit link information from above output:
  link line regex: [^( *|.*[/\])(ld|CMAKE_LINK_STARTFILE-NOTFOUND|([^/\]+-)?ld|collect2)[^/\]*( |$)]
  ignore line: [Change Dir: /home/iancu/Desktop/TemaSemnale/cmake-build-debug/CMakeFiles/CMakeTmp]
  ignore line: []
  ignore line: [Run Build Command(s):/usr/bin/make cmTC_01c52/fast && /usr/bin/make  -f CMakeFiles/cmTC_01c52.dir/build.make CMakeFiles/cmTC_01c52.dir/build]
  ignore line: [make[1]: Entering directory '/home/iancu/Desktop/TemaSemnale/cmake-build-debug/CMakeFiles/CMakeTmp']
  ignore line: [Building CXX object CMakeFiles/cmTC_01c52.dir/CMakeCXXCompilerABI.cpp.o]
  ignore line: [/home/linuxbrew/.linuxbrew/bin/c++    -v -o CMakeFiles/cmTC_01c52.dir/CMakeCXXCompilerABI.cpp.o -c /opt/clion/bin/cmake/linux/share/cmake-3.17/Modules/CMakeCXXCompilerABI.cpp]
  ignore line: [Reading specs from /home/linuxbrew/.linuxbrew/Cellar/gcc/5.5.0_7/lib/gcc/x86_64-unknown-linux-gnu/5.5.0/specs]
  ignore line: [COLLECT_GCC=/home/linuxbrew/.linuxbrew/bin/c++]
  ignore line: [Target: x86_64-unknown-linux-gnu]
  ignore line: [Configured with: ../configure --prefix=/home/linuxbrew/.linuxbrew/Cellar/gcc/5.5.0_7 --disable-nls --enable-checking=release --enable-languages=c,c++,objc,obj-c++,fortran --program-suffix=-5 --with-gmp=/home/linuxbrew/.linuxbrew/opt/gmp --with-mpfr=/home/linuxbrew/.linuxbrew/opt/mpfr --with-mpc=/home/linuxbrew/.linuxbrew/opt/libmpc --with-pkgversion='Homebrew GCC 5.5.0_7' --with-isl=/home/linuxbrew/.linuxbrew/opt/isl@0.18 --with-bugurl=https://github.com/Homebrew/linuxbrew-core/issues --with-boot-ldflags='-static-libstdc++ -static-libgcc ' --disable-multilib]
  ignore line: [Thread model: posix]
  ignore line: [gcc version 5.5.0 (Homebrew GCC 5.5.0_7) ]
  ignore line: [COLLECT_GCC_OPTIONS='-v' '-o' 'CMakeFiles/cmTC_01c52.dir/CMakeCXXCompilerABI.cpp.o' '-c' '-shared-libgcc' '-mtune=generic' '-march=x86-64']
  ignore line: [ /home/linuxbrew/.linuxbrew/Cellar/gcc/5.5.0_7/libexec/gcc/x86_64-unknown-linux-gnu/5.5.0/cc1plus -quiet -v -imultiarch x86_64-linux-gnu -D_GNU_SOURCE /opt/clion/bin/cmake/linux/share/cmake-3.17/Modules/CMakeCXXCompilerABI.cpp -isysroot /home/linuxbrew/.linuxbrew/nonexistent -idirafter /home/linuxbrew/.linuxbrew/include -idirafter /usr/include/x86_64-linux-gnu -idirafter /usr/include -quiet -dumpbase CMakeCXXCompilerABI.cpp -mtune=generic -march=x86-64 -auxbase-strip CMakeFiles/cmTC_01c52.dir/CMakeCXXCompilerABI.cpp.o -version -o /tmp/cc04p6VL.s]
  ignore line: [GNU C++ (Homebrew GCC 5.5.0_7) version 5.5.0 (x86_64-unknown-linux-gnu)]
  ignore line: [	compiled by GNU C version 5.5.0  GMP version 6.2.1  MPFR version 4.1.0  MPC version 1.2.1]
  ignore line: [GGC heuristics: --param ggc-min-expand=100 --param ggc-min-heapsize=131072]
  ignore line: [ignoring nonexistent directory "/home/linuxbrew/.linuxbrew/nonexistent/usr/local/include/x86_64-linux-gnu"]
  ignore line: [ignoring nonexistent directory "/home/linuxbrew/.linuxbrew/nonexistent/usr/local/include"]
  ignore line: [ignoring nonexistent directory "/home/linuxbrew/.linuxbrew/Cellar/gcc/5.5.0_7/lib/gcc/x86_64-unknown-linux-gnu/5.5.0/../../../../x86_64-unknown-linux-gnu/include"]
  ignore line: [ignoring nonexistent directory "/home/linuxbrew/.linuxbrew/nonexistent/usr/include/x86_64-linux-gnu"]
  ignore line: [ignoring nonexistent directory "/home/linuxbrew/.linuxbrew/nonexistent/usr/include"]
  ignore line: [#include "..." search starts here:]
  ignore line: [#include <...> search starts here:]
  ignore line: [ /home/linuxbrew/.linuxbrew/Cellar/gcc/5.5.0_7/lib/gcc/x86_64-unknown-linux-gnu/5.5.0/../../../../include/c++/5.5.0]
  ignore line: [ /home/linuxbrew/.linuxbrew/Cellar/gcc/5.5.0_7/lib/gcc/x86_64-unknown-linux-gnu/5.5.0/../../../../include/c++/5.5.0/x86_64-unknown-linux-gnu]
  ignore line: [ /home/linuxbrew/.linuxbrew/Cellar/gcc/5.5.0_7/lib/gcc/x86_64-unknown-linux-gnu/5.5.0/../../../../include/c++/5.5.0/backward]
  ignore line: [ /home/linuxbrew/.linuxbrew/Cellar/gcc/5.5.0_7/lib/gcc/x86_64-unknown-linux-gnu/5.5.0/include]
  ignore line: [ /home/linuxbrew/.linuxbrew/Cellar/gcc/5.5.0_7/include]
  ignore line: [ /home/linuxbrew/.linuxbrew/Cellar/gcc/5.5.0_7/lib/gcc/x86_64-unknown-linux-gnu/5.5.0/include-fixed]
  ignore line: [ /home/linuxbrew/.linuxbrew/include]
  ignore line: [ /usr/include/x86_64-linux-gnu]
  ignore line: [ /usr/include]
  ignore line: [End of search list.]
  ignore line: [GNU C++ (Homebrew GCC 5.5.0_7) version 5.5.0 (x86_64-unknown-linux-gnu)]
  ignore line: [	compiled by GNU C version 5.5.0  GMP version 6.2.1  MPFR version 4.1.0  MPC version 1.2.1]
  ignore line: [GGC heuristics: --param ggc-min-expand=100 --param ggc-min-heapsize=131072]
  ignore line: [Compiler executable checksum: 425806bb807cf610436c94efd1ea462d]
  ignore line: [COLLECT_GCC_OPTIONS='-v' '-o' 'CMakeFiles/cmTC_01c52.dir/CMakeCXXCompilerABI.cpp.o' '-c' '-shared-libgcc' '-mtune=generic' '-march=x86-64']
  ignore line: [ as -v --64 -o CMakeFiles/cmTC_01c52.dir/CMakeCXXCompilerABI.cpp.o /tmp/cc04p6VL.s]
  ignore line: [GNU assembler version 2.36.1 (x86_64-pc-linux-gnu) using BFD version (GNU Binutils) 2.36.1]
  ignore line: [COMPILER_PATH=/home/linuxbrew/.linuxbrew/Cellar/gcc/5.5.0_7/libexec/gcc/x86_64-unknown-linux-gnu/5.5.0/:/home/linuxbrew/.linuxbrew/Cellar/gcc/5.5.0_7/libexec/gcc/x86_64-unknown-linux-gnu/5.5.0/:/home/linuxbrew/.linuxbrew/Cellar/gcc/5.5.0_7/libexec/gcc/x86_64-unknown-linux-gnu/:/home/linuxbrew/.linuxbrew/Cellar/gcc/5.5.0_7/lib/gcc/x86_64-unknown-linux-gnu/5.5.0/:/home/linuxbrew/.linuxbrew/Cellar/gcc/5.5.0_7/lib/gcc/x86_64-unknown-linux-gnu/]
  ignore line: [LIBRARY_PATH=/home/linuxbrew/.linuxbrew/Cellar/gcc/5.5.0_7/lib/gcc/x86_64-unknown-linux-gnu/5.5.0/:/home/linuxbrew/.linuxbrew/Cellar/gcc/5.5.0_7/lib/gcc/x86_64-unknown-linux-gnu/5.5.0/../../../:/lib/x86_64-linux-gnu/:/lib/:/usr/lib/x86_64-linux-gnu/:/usr/lib/]
  ignore line: [COLLECT_GCC_OPTIONS='-v' '-o' 'CMakeFiles/cmTC_01c52.dir/CMakeCXXCompilerABI.cpp.o' '-c' '-shared-libgcc' '-mtune=generic' '-march=x86-64']
  ignore line: [Linking CXX executable cmTC_01c52]
  ignore line: [/opt/clion/bin/cmake/linux/bin/cmake -E cmake_link_script CMakeFiles/cmTC_01c52.dir/link.txt --verbose=1]
  ignore line: [/home/linuxbrew/.linuxbrew/bin/c++      -v CMakeFiles/cmTC_01c52.dir/CMakeCXXCompilerABI.cpp.o  -o cmTC_01c52 ]
  ignore line: [Reading specs from /home/linuxbrew/.linuxbrew/Cellar/gcc/5.5.0_7/lib/gcc/x86_64-unknown-linux-gnu/5.5.0/specs]
  ignore line: [COLLECT_GCC=/home/linuxbrew/.linuxbrew/bin/c++]
  ignore line: [COLLECT_LTO_WRAPPER=/home/linuxbrew/.linuxbrew/Cellar/gcc/5.5.0_7/libexec/gcc/x86_64-unknown-linux-gnu/5.5.0/lto-wrapper]
  ignore line: [Target: x86_64-unknown-linux-gnu]
  ignore line: [Configured with: ../configure --prefix=/home/linuxbrew/.linuxbrew/Cellar/gcc/5.5.0_7 --disable-nls --enable-checking=release --enable-languages=c,c++,objc,obj-c++,fortran --program-suffix=-5 --with-gmp=/home/linuxbrew/.linuxbrew/opt/gmp --with-mpfr=/home/linuxbrew/.linuxbrew/opt/mpfr --with-mpc=/home/linuxbrew/.linuxbrew/opt/libmpc --with-pkgversion='Homebrew GCC 5.5.0_7' --with-isl=/home/linuxbrew/.linuxbrew/opt/isl@0.18 --with-bugurl=https://github.com/Homebrew/linuxbrew-core/issues --with-boot-ldflags='-static-libstdc++ -static-libgcc ' --disable-multilib]
  ignore line: [Thread model: posix]
  ignore line: [gcc version 5.5.0 (Homebrew GCC 5.5.0_7) ]
  ignore line: [COMPILER_PATH=/home/linuxbrew/.linuxbrew/Cellar/gcc/5.5.0_7/libexec/gcc/x86_64-unknown-linux-gnu/5.5.0/:/home/linuxbrew/.linuxbrew/Cellar/gcc/5.5.0_7/libexec/gcc/x86_64-unknown-linux-gnu/5.5.0/:/home/linuxbrew/.linuxbrew/Cellar/gcc/5.5.0_7/libexec/gcc/x86_64-unknown-linux-gnu/:/home/linuxbrew/.linuxbrew/Cellar/gcc/5.5.0_7/lib/gcc/x86_64-unknown-linux-gnu/5.5.0/:/home/linuxbrew/.linuxbrew/Cellar/gcc/5.5.0_7/lib/gcc/x86_64-unknown-linux-gnu/]
  ignore line: [LIBRARY_PATH=/home/linuxbrew/.linuxbrew/Cellar/gcc/5.5.0_7/lib/gcc/x86_64-unknown-linux-gnu/5.5.0/:/home/linuxbrew/.linuxbrew/Cellar/gcc/5.5.0_7/lib/gcc/x86_64-unknown-linux-gnu/5.5.0/../../../:/lib/x86_64-linux-gnu/:/lib/:/usr/lib/x86_64-linux-gnu/:/usr/lib/]
  ignore line: [COLLECT_GCC_OPTIONS='-v' '-o' 'cmTC_01c52' '-shared-libgcc' '-mtune=generic' '-march=x86-64']
  link line: [ /home/linuxbrew/.linuxbrew/Cellar/gcc/5.5.0_7/libexec/gcc/x86_64-unknown-linux-gnu/5.5.0/collect2 -plugin /home/linuxbrew/.linuxbrew/Cellar/gcc/5.5.0_7/libexec/gcc/x86_64-unknown-linux-gnu/5.5.0/liblto_plugin.so -plugin-opt=/home/linuxbrew/.linuxbrew/Cellar/gcc/5.5.0_7/libexec/gcc/x86_64-unknown-linux-gnu/5.5.0/lto-wrapper -plugin-opt=-fresolution=/tmp/cc3lXX6e.res -plugin-opt=-pass-through=-lgcc_s -plugin-opt=-pass-through=-lgcc -plugin-opt=-pass-through=-lc -plugin-opt=-pass-through=-lgcc_s -plugin-opt=-pass-through=-lgcc --eh-frame-hdr -m elf_x86_64 -dynamic-linker /lib64/ld-linux-x86-64.so.2 --dynamic-linker /home/linuxbrew/.linuxbrew/lib/ld.so -rpath /home/linuxbrew/.linuxbrew/lib -o cmTC_01c52 /home/linuxbrew/.linuxbrew/Cellar/gcc/5.5.0_7/lib/gcc/x86_64-unknown-linux-gnu/5.5.0/crt1.o /home/linuxbrew/.linuxbrew/Cellar/gcc/5.5.0_7/lib/gcc/x86_64-unknown-linux-gnu/5.5.0/crti.o /home/linuxbrew/.linuxbrew/Cellar/gcc/5.5.0_7/lib/gcc/x86_64-unknown-linux-gnu/5.5.0/crtbegin.o -L/home/linuxbrew/.linuxbrew/Cellar/gcc/5.5.0_7/lib/gcc/x86_64-unknown-linux-gnu/5.5.0 -L/home/linuxbrew/.linuxbrew/Cellar/gcc/5.5.0_7/lib/gcc/x86_64-unknown-linux-gnu/5.5.0/../../.. -L/lib/x86_64-linux-gnu -L/usr/lib/x86_64-linux-gnu -L/home/linuxbrew/.linuxbrew/lib CMakeFiles/cmTC_01c52.dir/CMakeCXXCompilerABI.cpp.o -lstdc++ -lm -lgcc_s -lgcc -lc -lgcc_s -lgcc /home/linuxbrew/.linuxbrew/Cellar/gcc/5.5.0_7/lib/gcc/x86_64-unknown-linux-gnu/5.5.0/crtend.o /home/linuxbrew/.linuxbrew/Cellar/gcc/5.5.0_7/lib/gcc/x86_64-unknown-linux-gnu/5.5.0/crtn.o]
    arg [/home/linuxbrew/.linuxbrew/Cellar/gcc/5.5.0_7/libexec/gcc/x86_64-unknown-linux-gnu/5.5.0/collect2] ==> ignore
    arg [-plugin] ==> ignore
    arg [/home/linuxbrew/.linuxbrew/Cellar/gcc/5.5.0_7/libexec/gcc/x86_64-unknown-linux-gnu/5.5.0/liblto_plugin.so] ==> ignore
    arg [-plugin-opt=/home/linuxbrew/.linuxbrew/Cellar/gcc/5.5.0_7/libexec/gcc/x86_64-unknown-linux-gnu/5.5.0/lto-wrapper] ==> ignore
    arg [-plugin-opt=-fresolution=/tmp/cc3lXX6e.res] ==> ignore
    arg [-plugin-opt=-pass-through=-lgcc_s] ==> ignore
    arg [-plugin-opt=-pass-through=-lgcc] ==> ignore
    arg [-plugin-opt=-pass-through=-lc] ==> ignore
    arg [-plugin-opt=-pass-through=-lgcc_s] ==> ignore
    arg [-plugin-opt=-pass-through=-lgcc] ==> ignore
    arg [--eh-frame-hdr] ==> ignore
    arg [-m] ==> ignore
    arg [elf_x86_64] ==> ignore
    arg [-dynamic-linker] ==> ignore
    arg [/lib64/ld-linux-x86-64.so.2] ==> ignore
    arg [--dynamic-linker] ==> ignore
    arg [/home/linuxbrew/.linuxbrew/lib/ld.so] ==> ignore
    arg [-rpath] ==> ignore
    arg [/home/linuxbrew/.linuxbrew/lib] ==> ignore
    arg [-o] ==> ignore
    arg [cmTC_01c52] ==> ignore
    arg [/home/linuxbrew/.linuxbrew/Cellar/gcc/5.5.0_7/lib/gcc/x86_64-unknown-linux-gnu/5.5.0/crt1.o] ==> ignore
    arg [/home/linuxbrew/.linuxbrew/Cellar/gcc/5.5.0_7/lib/gcc/x86_64-unknown-linux-gnu/5.5.0/crti.o] ==> ignore
    arg [/home/linuxbrew/.linuxbrew/Cellar/gcc/5.5.0_7/lib/gcc/x86_64-unknown-linux-gnu/5.5.0/crtbegin.o] ==> ignore
    arg [-L/home/linuxbrew/.linuxbrew/Cellar/gcc/5.5.0_7/lib/gcc/x86_64-unknown-linux-gnu/5.5.0] ==> dir [/home/linuxbrew/.linuxbrew/Cellar/gcc/5.5.0_7/lib/gcc/x86_64-unknown-linux-gnu/5.5.0]
    arg [-L/home/linuxbrew/.linuxbrew/Cellar/gcc/5.5.0_7/lib/gcc/x86_64-unknown-linux-gnu/5.5.0/../../..] ==> dir [/home/linuxbrew/.linuxbrew/Cellar/gcc/5.5.0_7/lib/gcc/x86_64-unknown-linux-gnu/5.5.0/../../..]
    arg [-L/lib/x86_64-linux-gnu] ==> dir [/lib/x86_64-linux-gnu]
    arg [-L/usr/lib/x86_64-linux-gnu] ==> dir [/usr/lib/x86_64-linux-gnu]
    arg [-L/home/linuxbrew/.linuxbrew/lib] ==> dir [/home/linuxbrew/.linuxbrew/lib]
    arg [CMakeFiles/cmTC_01c52.dir/CMakeCXXCompilerABI.cpp.o] ==> ignore
    arg [-lstdc++] ==> lib [stdc++]
    arg [-lm] ==> lib [m]
    arg [-lgcc_s] ==> lib [gcc_s]
    arg [-lgcc] ==> lib [gcc]
    arg [-lc] ==> lib [c]
    arg [-lgcc_s] ==> lib [gcc_s]
    arg [-lgcc] ==> lib [gcc]
    arg [/home/linuxbrew/.linuxbrew/Cellar/gcc/5.5.0_7/lib/gcc/x86_64-unknown-linux-gnu/5.5.0/crtend.o] ==> ignore
    arg [/home/linuxbrew/.linuxbrew/Cellar/gcc/5.5.0_7/lib/gcc/x86_64-unknown-linux-gnu/5.5.0/crtn.o] ==> ignore
  collapse library dir [/home/linuxbrew/.linuxbrew/Cellar/gcc/5.5.0_7/lib/gcc/x86_64-unknown-linux-gnu/5.5.0] ==> [/home/linuxbrew/.linuxbrew/Cellar/gcc/5.5.0_7/lib/gcc/x86_64-unknown-linux-gnu/5.5.0]
  collapse library dir [/home/linuxbrew/.linuxbrew/Cellar/gcc/5.5.0_7/lib/gcc/x86_64-unknown-linux-gnu/5.5.0/../../..] ==> [/home/linuxbrew/.linuxbrew/Cellar/gcc/5.5.0_7/lib]
  collapse library dir [/lib/x86_64-linux-gnu] ==> [/lib/x86_64-linux-gnu]
  collapse library dir [/usr/lib/x86_64-linux-gnu] ==> [/usr/lib/x86_64-linux-gnu]
  collapse library dir [/home/linuxbrew/.linuxbrew/lib] ==> [/home/linuxbrew/.linuxbrew/lib]
  implicit libs: [stdc++;m;gcc_s;gcc;c;gcc_s;gcc]
  implicit dirs: [/home/linuxbrew/.linuxbrew/Cellar/gcc/5.5.0_7/lib/gcc/x86_64-unknown-linux-gnu/5.5.0;/home/linuxbrew/.linuxbrew/Cellar/gcc/5.5.0_7/lib;/lib/x86_64-linux-gnu;/usr/lib/x86_64-linux-gnu;/home/linuxbrew/.linuxbrew/lib]
  implicit fwks: []


